<?xml version="1.0" encoding="UTF-8"?>
<coverage generated="1547055480504" clover="3.2.0">
  <project timestamp="1547055480504" name="All files">
    <metrics statements="9" coveredstatements="5" conditionals="0" coveredconditionals="0" methods="3" coveredmethods="1" elements="12" coveredelements="6" complexity="0" loc="9" ncloc="9" packages="1" files="1" classes="1">
      <file name="handler.js" path="/home/rishi/Code/are-u-there-jacket/handler.js">
        <metrics statements="9" coveredstatements="5" conditionals="0" coveredconditionals="0" methods="3" coveredmethods="1"/>
        <line num="2" count="1" type="stmt"/>
        <line num="5" count="0" type="stmt"/>
        <line num="8" count="0" type="stmt"/>
        <line num="10" count="0" type="stmt"/>
        <line num="20" count="1" type="stmt"/>
        <line num="21" count="1" type="stmt"/>
        <line num="22" count="1" type="stmt"/>
        <line num="24" count="0" type="stmt"/>
        <line num="30" count="1" type="stmt"/>
      </file>
    </metrics>
  </project>
</coverage>
