{"/home/rishi/Code/are-u-there-jacket/handler.js": {"path":"/home/rishi/Code/are-u-there-jacket/handler.js","statementMap":{"0":{"start":{"line":2,"column":14},"end":{"line":2,"column":30}},"1":{"start":{"line":5,"column":15},"end":{"line":7,"column":3}},"2":{"start":{"line":8,"column":21},"end":{"line":8,"column":36}},"3":{"start":{"line":10,"column":2},"end":{"line":16,"column":4}},"4":{"start":{"line":20,"column":2},"end":{"line":25,"column":3}},"5":{"start":{"line":21,"column":21},"end":{"line":21,"column":41}},"6":{"start":{"line":22,"column":4},"end":{"line":22,"column":26}},"7":{"start":{"line":24,"column":4},"end":{"line":24,"column":25}},"8":{"start":{"line":30,"column":0},"end":{"line":33,"column":2}}},"fnMap":{"0":{"name":"checkStock","decl":{"start":{"line":4,"column":15},"end":{"line":4,"column":25}},"loc":{"start":{"line":4,"column":46},"end":{"line":17,"column":1}},"line":4},"1":{"name":"getHtml","decl":{"start":{"line":19,"column":15},"end":{"line":19,"column":22}},"loc":{"start":{"line":19,"column":28},"end":{"line":26,"column":1}},"line":19},"2":{"name":"parseHtml","decl":{"start":{"line":28,"column":9},"end":{"line":28,"column":18}},"loc":{"start":{"line":28,"column":21},"end":{"line":28,"column":23}},"line":28}},"branchMap":{},"s":{"0":1,"1":0,"2":0,"3":0,"4":1,"5":1,"6":1,"7":0,"8":1},"f":{"0":0,"1":1,"2":0},"b":{},"_coverageSchema":"332fd63041d2c1bcb487cc26dd0d5f7d97098a6c","hash":"39d9401b57432935c2fd5a14070e1b2800bf4d8e"}
}
